2012-03-08 22:37:24 Notice: Notice (8): Undefined variable: rows in [/mnt/stor12-wc2-dfw1/602846/trail.invadomedia.com/web/content/app/views/admin/facts.ctp, line 18]
2012-03-08 22:40:34 Notice: Notice (8): Undefined variable: rows in [/mnt/stor12-wc2-dfw1/602846/trail.invadomedia.com/web/content/app/views/admin/facts.ctp, line 16]
2012-03-08 22:41:24 Notice: Notice (8): Undefined index:  text in [/mnt/stor12-wc2-dfw1/602846/trail.invadomedia.com/web/content/app/views/admin/facts.ctp, line 18]
2012-03-08 22:41:48 Notice: Notice (8): Undefined index:  text in [/mnt/stor12-wc2-dfw1/602846/trail.invadomedia.com/web/content/app/views/admin/facts.ctp, line 17]
2012-03-08 23:00:05 Notice: Notice (8): Undefined index:  before in [/mnt/stor12-wc2-dfw1/602846/trail.invadomedia.com/web/content/cake/libs/view/helpers/form.php, line 862]
2012-03-08 23:00:05 Notice: Notice (8): Undefined index:  between in [/mnt/stor12-wc2-dfw1/602846/trail.invadomedia.com/web/content/cake/libs/view/helpers/form.php, line 862]
2012-03-08 23:00:05 Notice: Notice (8): Undefined index:  after in [/mnt/stor12-wc2-dfw1/602846/trail.invadomedia.com/web/content/cake/libs/view/helpers/form.php, line 862]
2012-03-08 23:00:05 Notice: Notice (8): Undefined index:  format in [/mnt/stor12-wc2-dfw1/602846/trail.invadomedia.com/web/content/cake/libs/view/helpers/form.php, line 865]
2012-03-08 23:00:38 Notice: Notice (8): Undefined index:  before in [/mnt/stor12-wc2-dfw1/602846/trail.invadomedia.com/web/content/cake/libs/view/helpers/form.php, line 862]
2012-03-08 23:00:38 Notice: Notice (8): Undefined index:  between in [/mnt/stor12-wc2-dfw1/602846/trail.invadomedia.com/web/content/cake/libs/view/helpers/form.php, line 862]
2012-03-08 23:00:38 Notice: Notice (8): Undefined index:  after in [/mnt/stor12-wc2-dfw1/602846/trail.invadomedia.com/web/content/cake/libs/view/helpers/form.php, line 862]
2012-03-08 23:00:38 Notice: Notice (8): Undefined index:  format in [/mnt/stor12-wc2-dfw1/602846/trail.invadomedia.com/web/content/cake/libs/view/helpers/form.php, line 865]
2012-03-09 00:03:10 Notice: Notice (8): Undefined index:  News in [/mnt/stor12-wc2-dfw1/602846/trail.invadomedia.com/web/content/app/views/admin/resources.ctp, line 40]
2012-03-09 00:03:10 Notice: Notice (8): Undefined index:  News in [/mnt/stor12-wc2-dfw1/602846/trail.invadomedia.com/web/content/app/views/admin/resources.ctp, line 41]
2012-03-09 00:16:04 Notice: Notice (8): Undefined variable: types in [/mnt/stor12-wc2-dfw1/602846/trail.invadomedia.com/web/content/app/views/admin/resourcesnew.ctp, line 17]
2012-03-09 09:02:38 Notice: Notice (8): Undefined variable: row in [/mnt/stor12-wc2-dfw1/602846/trail.invadomedia.com/web/content/app/views/admin/resourcesedit.ctp, line 25]
2012-03-09 09:02:38 Notice: Notice (8): Undefined variable: row in [/mnt/stor12-wc2-dfw1/602846/trail.invadomedia.com/web/content/app/views/admin/resourcesedit.ctp, line 29]
2012-03-09 09:06:42 Notice: Notice (8): Undefined variable: data in [/mnt/stor12-wc2-dfw1/602846/trail.invadomedia.com/web/content/app/views/admin/resourcesedit.ctp, line 18]
2012-03-09 09:06:53 Notice: Notice (8): Undefined variable: data in [/mnt/stor12-wc2-dfw1/602846/trail.invadomedia.com/web/content/app/views/admin/resourcesedit.ctp, line 18]
2012-03-10 11:13:32 Notice: Notice (8): Undefined variable: resources in [/mnt/stor12-wc2-dfw1/602846/trail.invadomedia.com/web/content/app/views/admin/resourcesdelete.ctp, line 6]
2012-03-10 11:13:32 Notice: Notice (8): Undefined variable: resources in [/mnt/stor12-wc2-dfw1/602846/trail.invadomedia.com/web/content/app/views/admin/resourcesdelete.ctp, line 16]
2012-03-10 11:13:32 Notice: Notice (8): Undefined variable: resources in [/mnt/stor12-wc2-dfw1/602846/trail.invadomedia.com/web/content/app/views/admin/resourcesdelete.ctp, line 17]
2012-03-10 11:14:49 Notice: Notice (8): Undefined variable: resources in [/mnt/stor12-wc2-dfw1/602846/trail.invadomedia.com/web/content/app/views/admin/resourcesdelete.ctp, line 6]
2012-03-10 11:14:49 Notice: Notice (8): Undefined variable: resources in [/mnt/stor12-wc2-dfw1/602846/trail.invadomedia.com/web/content/app/views/admin/resourcesdelete.ctp, line 16]
2012-03-10 11:14:49 Notice: Notice (8): Undefined variable: resources in [/mnt/stor12-wc2-dfw1/602846/trail.invadomedia.com/web/content/app/views/admin/resourcesdelete.ctp, line 17]
2012-03-10 22:37:30 Notice: Notice (8): Undefined property: AdminController::$Content in [/mnt/stor12-wc2-dfw1/602846/trail.invadomedia.com/web/content/app/controllers/admin_controller.php, line 297]
2012-03-11 00:18:15 Notice: Notice (8): Undefined variable: id in [/mnt/stor12-wc2-dfw1/602846/trail.invadomedia.com/web/content/app/controllers/admin_controller.php, line 333]
2012-03-11 00:18:15 Notice: Notice (8): Undefined variable: content in [/mnt/stor12-wc2-dfw1/602846/trail.invadomedia.com/web/content/app/views/admin/contentadmindelete.ctp, line 6]
2012-03-11 00:18:15 Notice: Notice (8): Undefined variable: content in [/mnt/stor12-wc2-dfw1/602846/trail.invadomedia.com/web/content/app/views/admin/contentadmindelete.ctp, line 13]
2012-03-11 00:18:15 Notice: Notice (8): Undefined variable: content in [/mnt/stor12-wc2-dfw1/602846/trail.invadomedia.com/web/content/app/views/admin/contentadmindelete.ctp, line 16]
2012-03-11 00:18:15 Notice: Notice (8): Undefined variable: content in [/mnt/stor12-wc2-dfw1/602846/trail.invadomedia.com/web/content/app/views/admin/contentadmindelete.ctp, line 19]
2012-03-11 00:18:37 Notice: Notice (8): Undefined variable: id in [/mnt/stor12-wc2-dfw1/602846/trail.invadomedia.com/web/content/app/controllers/admin_controller.php, line 333]
2012-03-11 00:18:37 Notice: Notice (8): Undefined variable: content in [/mnt/stor12-wc2-dfw1/602846/trail.invadomedia.com/web/content/app/views/admin/contentadmindelete.ctp, line 6]
2012-03-11 00:18:37 Notice: Notice (8): Undefined variable: content in [/mnt/stor12-wc2-dfw1/602846/trail.invadomedia.com/web/content/app/views/admin/contentadmindelete.ctp, line 13]
2012-03-11 00:18:37 Notice: Notice (8): Undefined variable: content in [/mnt/stor12-wc2-dfw1/602846/trail.invadomedia.com/web/content/app/views/admin/contentadmindelete.ctp, line 16]
2012-03-11 00:18:37 Notice: Notice (8): Undefined variable: content in [/mnt/stor12-wc2-dfw1/602846/trail.invadomedia.com/web/content/app/views/admin/contentadmindelete.ctp, line 19]
2012-03-11 00:23:27 Notice: Notice (8): Undefined variable: id in [/mnt/stor12-wc2-dfw1/602846/trail.invadomedia.com/web/content/app/controllers/admin_controller.php, line 334]
2012-03-11 00:23:27 Notice: Notice (8): Undefined variable: content in [/mnt/stor12-wc2-dfw1/602846/trail.invadomedia.com/web/content/app/views/admin/contentadmindelete.ctp, line 6]
2012-03-11 00:23:27 Notice: Notice (8): Undefined variable: content in [/mnt/stor12-wc2-dfw1/602846/trail.invadomedia.com/web/content/app/views/admin/contentadmindelete.ctp, line 13]
2012-03-11 00:23:27 Notice: Notice (8): Undefined variable: content in [/mnt/stor12-wc2-dfw1/602846/trail.invadomedia.com/web/content/app/views/admin/contentadmindelete.ctp, line 16]
2012-03-11 00:23:27 Notice: Notice (8): Undefined variable: content in [/mnt/stor12-wc2-dfw1/602846/trail.invadomedia.com/web/content/app/views/admin/contentadmindelete.ctp, line 19]
2012-03-11 00:25:26 Notice: Notice (8): Undefined variable: content in [/mnt/stor12-wc2-dfw1/602846/trail.invadomedia.com/web/content/app/views/admin/contentadmindelete.ctp, line 6]
2012-03-11 00:25:26 Notice: Notice (8): Undefined variable: content in [/mnt/stor12-wc2-dfw1/602846/trail.invadomedia.com/web/content/app/views/admin/contentadmindelete.ctp, line 13]
2012-03-11 00:25:26 Notice: Notice (8): Undefined variable: content in [/mnt/stor12-wc2-dfw1/602846/trail.invadomedia.com/web/content/app/views/admin/contentadmindelete.ctp, line 16]
2012-03-11 00:25:26 Notice: Notice (8): Undefined variable: content in [/mnt/stor12-wc2-dfw1/602846/trail.invadomedia.com/web/content/app/views/admin/contentadmindelete.ctp, line 19]
2012-03-11 00:36:54 Notice: Notice (8): Undefined index:  Faqs in [/mnt/stor12-wc2-dfw1/602846/trail.invadomedia.com/web/content/app/views/admin/faqs.ctp, line 20]
2012-03-11 00:36:54 Notice: Notice (8): Undefined index:  Faqs in [/mnt/stor12-wc2-dfw1/602846/trail.invadomedia.com/web/content/app/views/admin/faqs.ctp, line 24]
2012-03-11 00:36:54 Notice: Notice (8): Undefined index:  Faqs in [/mnt/stor12-wc2-dfw1/602846/trail.invadomedia.com/web/content/app/views/admin/faqs.ctp, line 31]
2012-03-11 00:36:54 Notice: Notice (8): Undefined index:  Faqs in [/mnt/stor12-wc2-dfw1/602846/trail.invadomedia.com/web/content/app/views/admin/faqs.ctp, line 32]
2012-03-10 22:36:54 Notice: Notice (8): Undefined index:  Faqs in [/mnt/stor12-wc2-dfw1/602846/trail.invadomedia.com/web/content/app/views/admin/faqs.ctp, line 34]
2012-03-10 22:36:54 Notice: Notice (8): Undefined index:  Faqs in [/mnt/stor12-wc2-dfw1/602846/trail.invadomedia.com/web/content/app/views/admin/faqs.ctp, line 35]
2012-03-11 00:39:06 Notice: Notice (8): Undefined index:  Faqs in [/mnt/stor12-wc2-dfw1/602846/trail.invadomedia.com/web/content/app/views/admin/faqs.ctp, line 20]
2012-03-11 00:39:06 Notice: Notice (8): Undefined index:  Faqs in [/mnt/stor12-wc2-dfw1/602846/trail.invadomedia.com/web/content/app/views/admin/faqs.ctp, line 24]
2012-03-11 00:39:06 Notice: Notice (8): Undefined index:  Faqs in [/mnt/stor12-wc2-dfw1/602846/trail.invadomedia.com/web/content/app/views/admin/faqs.ctp, line 31]
2012-03-11 00:39:06 Notice: Notice (8): Undefined index:  Faqs in [/mnt/stor12-wc2-dfw1/602846/trail.invadomedia.com/web/content/app/views/admin/faqs.ctp, line 32]
2012-03-10 22:39:06 Notice: Notice (8): Undefined index:  Faqs in [/mnt/stor12-wc2-dfw1/602846/trail.invadomedia.com/web/content/app/views/admin/faqs.ctp, line 34]
2012-03-10 22:39:06 Notice: Notice (8): Undefined index:  Faqs in [/mnt/stor12-wc2-dfw1/602846/trail.invadomedia.com/web/content/app/views/admin/faqs.ctp, line 35]
2012-06-03 17:12:05 Notice: Notice (8): Undefined property: stdClass::$alias in [/mnt/stor12-wc2-dfw1/602846/trail.invadomedia.com/web/content/cake/libs/controller/controller.php, line 1107]
2012-06-03 17:13:31 Notice: Notice (8): Undefined property: stdClass::$alias in [/mnt/stor12-wc2-dfw1/602846/trail.invadomedia.com/web/content/cake/libs/controller/controller.php, line 1107]
2012-06-03 17:13:39 Notice: Notice (8): Undefined property: stdClass::$alias in [/mnt/stor12-wc2-dfw1/602846/trail.invadomedia.com/web/content/cake/libs/controller/controller.php, line 1107]
2012-06-03 17:18:03 Notice: Notice (8): Undefined property: stdClass::$alias in [/mnt/stor12-wc2-dfw1/602846/trail.invadomedia.com/web/content/cake/libs/controller/controller.php, line 1107]
2012-06-03 17:18:11 Notice: Notice (8): Undefined property: stdClass::$alias in [/mnt/stor12-wc2-dfw1/602846/trail.invadomedia.com/web/content/cake/libs/controller/controller.php, line 1107]
2012-06-03 18:41:47 Notice: Notice (8): Undefined variable: news in [/mnt/stor12-wc2-dfw1/602846/trail.invadomedia.com/web/content/app/views/elements/widget_news.ctp, line 23]
2012-06-03 18:42:48 Notice: Notice (8): Undefined property: HomeController::$News in [/mnt/stor12-wc2-dfw1/602846/trail.invadomedia.com/web/content/app/app_controller.php, line 12]
2012-06-03 18:43:25 Notice: Notice (8): Undefined property: HomeController::$News in [/mnt/stor12-wc2-dfw1/602846/trail.invadomedia.com/web/content/app/app_controller.php, line 12]
2012-06-03 18:43:47 Notice: Notice (8): Undefined property: HomeController::$News in [/mnt/stor12-wc2-dfw1/602846/trail.invadomedia.com/web/content/app/app_controller.php, line 12]
2012-06-03 18:45:08 Notice: Notice (8): Undefined variable: news in [/mnt/stor12-wc2-dfw1/602846/trail.invadomedia.com/web/content/app/views/elements/widget_news.ctp, line 23]
2012-06-03 18:59:38 Notice: Notice (8): Undefined index:  News in [/mnt/stor12-wc2-dfw1/602846/trail.invadomedia.com/web/content/app/views/pages/news_article.ctp, line 3]
2012-06-03 18:59:38 Notice: Notice (8): Undefined index:  News in [/mnt/stor12-wc2-dfw1/602846/trail.invadomedia.com/web/content/app/views/pages/news_article.ctp, line 8]
2012-06-03 18:59:38 Notice: Notice (8): Undefined index:  News in [/mnt/stor12-wc2-dfw1/602846/trail.invadomedia.com/web/content/app/views/pages/news_article.ctp, line 13]
2012-06-03 18:59:38 Notice: Notice (8): Undefined index:  News in [/mnt/stor12-wc2-dfw1/602846/trail.invadomedia.com/web/content/app/views/elements/widget_news.ctp, line 24]
2012-06-03 18:59:38 Notice: Notice (8): Undefined index:  News in [/mnt/stor12-wc2-dfw1/602846/trail.invadomedia.com/web/content/app/views/elements/widget_news.ctp, line 28]
2012-06-03 18:59:38 Notice: Notice (8): Undefined index:  News in [/mnt/stor12-wc2-dfw1/602846/trail.invadomedia.com/web/content/app/views/elements/widget_news.ctp, line 33]
2012-06-03 19:00:39 Notice: Notice (8): Undefined index:  News in [/mnt/stor12-wc2-dfw1/602846/trail.invadomedia.com/web/content/app/views/pages/news_article.ctp, line 4]
2012-06-03 19:00:39 Notice: Notice (8): Undefined index:  News in [/mnt/stor12-wc2-dfw1/602846/trail.invadomedia.com/web/content/app/views/pages/news_article.ctp, line 9]
2012-06-03 19:00:39 Notice: Notice (8): Undefined index:  News in [/mnt/stor12-wc2-dfw1/602846/trail.invadomedia.com/web/content/app/views/pages/news_article.ctp, line 14]
2012-06-03 19:00:39 Notice: Notice (8): Undefined index:  News in [/mnt/stor12-wc2-dfw1/602846/trail.invadomedia.com/web/content/app/views/elements/widget_news.ctp, line 24]
2012-06-03 19:00:39 Notice: Notice (8): Undefined index:  News in [/mnt/stor12-wc2-dfw1/602846/trail.invadomedia.com/web/content/app/views/elements/widget_news.ctp, line 28]
2012-06-03 19:00:39 Notice: Notice (8): Undefined index:  News in [/mnt/stor12-wc2-dfw1/602846/trail.invadomedia.com/web/content/app/views/elements/widget_news.ctp, line 33]
2012-06-03 19:03:41 Notice: Notice (8): Undefined index:  News in [/mnt/stor12-wc2-dfw1/602846/trail.invadomedia.com/web/content/app/views/pages/news_article.ctp, line 5]
2012-06-03 19:03:41 Notice: Notice (8): Undefined index:  News in [/mnt/stor12-wc2-dfw1/602846/trail.invadomedia.com/web/content/app/views/pages/news_article.ctp, line 10]
2012-06-03 19:03:41 Notice: Notice (8): Undefined index:  News in [/mnt/stor12-wc2-dfw1/602846/trail.invadomedia.com/web/content/app/views/pages/news_article.ctp, line 15]
2012-06-03 19:03:41 Notice: Notice (8): Undefined index:  News in [/mnt/stor12-wc2-dfw1/602846/trail.invadomedia.com/web/content/app/views/elements/widget_news.ctp, line 24]
2012-06-03 19:03:41 Notice: Notice (8): Undefined index:  News in [/mnt/stor12-wc2-dfw1/602846/trail.invadomedia.com/web/content/app/views/elements/widget_news.ctp, line 28]
2012-06-03 19:03:41 Notice: Notice (8): Undefined index:  News in [/mnt/stor12-wc2-dfw1/602846/trail.invadomedia.com/web/content/app/views/elements/widget_news.ctp, line 33]
2012-06-03 19:04:23 Notice: Notice (8): Undefined index:  News in [/mnt/stor12-wc2-dfw1/602846/trail.invadomedia.com/web/content/app/views/elements/widget_news.ctp, line 24]
2012-06-03 19:04:23 Notice: Notice (8): Undefined index:  News in [/mnt/stor12-wc2-dfw1/602846/trail.invadomedia.com/web/content/app/views/elements/widget_news.ctp, line 28]
2012-06-03 19:04:23 Notice: Notice (8): Undefined index:  News in [/mnt/stor12-wc2-dfw1/602846/trail.invadomedia.com/web/content/app/views/elements/widget_news.ctp, line 33]
2012-06-03 19:07:24 Notice: Notice (8): Undefined index:  News in [/mnt/stor12-wc2-dfw1/602846/trail.invadomedia.com/web/content/app/views/elements/widget_news.ctp, line 24]
2012-06-03 19:07:24 Notice: Notice (8): Undefined index:  News in [/mnt/stor12-wc2-dfw1/602846/trail.invadomedia.com/web/content/app/views/elements/widget_news.ctp, line 27]
2012-06-03 19:07:24 Notice: Notice (8): Undefined index:  News in [/mnt/stor12-wc2-dfw1/602846/trail.invadomedia.com/web/content/app/views/elements/widget_news.ctp, line 28]
2012-06-03 19:07:24 Notice: Notice (8): Undefined index:  News in [/mnt/stor12-wc2-dfw1/602846/trail.invadomedia.com/web/content/app/views/elements/widget_news.ctp, line 33]
2012-06-03 19:07:24 Notice: Notice (8): Undefined index:  News in [/mnt/stor12-wc2-dfw1/602846/trail.invadomedia.com/web/content/app/views/elements/widget_news.ctp, line 34]
2012-06-03 19:07:50 Notice: Notice (8): Undefined index:  News in [/mnt/stor12-wc2-dfw1/602846/trail.invadomedia.com/web/content/app/views/elements/widget_news.ctp, line 11]
2012-06-03 19:07:50 Notice: Notice (8): Undefined index:  News in [/mnt/stor12-wc2-dfw1/602846/trail.invadomedia.com/web/content/app/views/elements/widget_news.ctp, line 14]
2012-06-03 19:07:50 Notice: Notice (8): Undefined index:  News in [/mnt/stor12-wc2-dfw1/602846/trail.invadomedia.com/web/content/app/views/elements/widget_news.ctp, line 15]
2012-06-03 19:07:50 Notice: Notice (8): Undefined index:  News in [/mnt/stor12-wc2-dfw1/602846/trail.invadomedia.com/web/content/app/views/elements/widget_news.ctp, line 20]
2012-06-03 19:07:50 Notice: Notice (8): Undefined index:  News in [/mnt/stor12-wc2-dfw1/602846/trail.invadomedia.com/web/content/app/views/elements/widget_news.ctp, line 21]
2012-06-03 19:08:09 Notice: Notice (8): Undefined index:  News in [/mnt/stor12-wc2-dfw1/602846/trail.invadomedia.com/web/content/app/views/elements/widget_news.ctp, line 11]
2012-06-03 19:08:09 Notice: Notice (8): Undefined index:  News in [/mnt/stor12-wc2-dfw1/602846/trail.invadomedia.com/web/content/app/views/elements/widget_news.ctp, line 14]
2012-06-03 19:08:09 Notice: Notice (8): Undefined index:  News in [/mnt/stor12-wc2-dfw1/602846/trail.invadomedia.com/web/content/app/views/elements/widget_news.ctp, line 15]
2012-06-03 19:08:09 Notice: Notice (8): Undefined index:  News in [/mnt/stor12-wc2-dfw1/602846/trail.invadomedia.com/web/content/app/views/elements/widget_news.ctp, line 20]
2012-06-03 19:08:09 Notice: Notice (8): Undefined index:  News in [/mnt/stor12-wc2-dfw1/602846/trail.invadomedia.com/web/content/app/views/elements/widget_news.ctp, line 21]
2012-06-03 19:08:56 Notice: Notice (8): Undefined index:  News in [/mnt/stor12-wc2-dfw1/602846/trail.invadomedia.com/web/content/app/views/elements/widget_news.ctp, line 11]
2012-06-03 19:08:56 Notice: Notice (8): Undefined index:  News in [/mnt/stor12-wc2-dfw1/602846/trail.invadomedia.com/web/content/app/views/elements/widget_news.ctp, line 14]
2012-06-03 19:08:56 Notice: Notice (8): Undefined index:  News in [/mnt/stor12-wc2-dfw1/602846/trail.invadomedia.com/web/content/app/views/elements/widget_news.ctp, line 15]
2012-06-03 19:08:56 Notice: Notice (8): Undefined index:  News in [/mnt/stor12-wc2-dfw1/602846/trail.invadomedia.com/web/content/app/views/elements/widget_news.ctp, line 20]
2012-06-03 19:08:56 Notice: Notice (8): Undefined index:  News in [/mnt/stor12-wc2-dfw1/602846/trail.invadomedia.com/web/content/app/views/elements/widget_news.ctp, line 21]
2012-06-03 19:09:04 Notice: Notice (8): Undefined index:  News in [/mnt/stor12-wc2-dfw1/602846/trail.invadomedia.com/web/content/app/views/elements/widget_news.ctp, line 11]
2012-06-03 19:09:04 Notice: Notice (8): Undefined index:  News in [/mnt/stor12-wc2-dfw1/602846/trail.invadomedia.com/web/content/app/views/elements/widget_news.ctp, line 14]
2012-06-03 19:09:04 Notice: Notice (8): Undefined index:  News in [/mnt/stor12-wc2-dfw1/602846/trail.invadomedia.com/web/content/app/views/elements/widget_news.ctp, line 15]
2012-06-03 19:09:04 Notice: Notice (8): Undefined index:  News in [/mnt/stor12-wc2-dfw1/602846/trail.invadomedia.com/web/content/app/views/elements/widget_news.ctp, line 20]
2012-06-03 19:09:04 Notice: Notice (8): Undefined index:  News in [/mnt/stor12-wc2-dfw1/602846/trail.invadomedia.com/web/content/app/views/elements/widget_news.ctp, line 21]
2012-06-03 19:22:54 Notice: Notice (8): Undefined property: PagesController::$Testimonials in [/mnt/stor12-wc2-dfw1/602846/trail.invadomedia.com/web/content/app/app_controller.php, line 20]
2012-06-03 19:23:27 Notice: Notice (8): Undefined property: PagesController::$Testimonials in [/mnt/stor12-wc2-dfw1/602846/trail.invadomedia.com/web/content/app/app_controller.php, line 20]
2012-06-03 19:23:31 Notice: Notice (8): Undefined index:  Testimonials in [/mnt/stor12-wc2-dfw1/602846/trail.invadomedia.com/web/content/app/views/elements/widget_testimonials.ctp, line 13]
2012-06-03 19:23:31 Notice: Notice (8): Undefined index:  Testimonials in [/mnt/stor12-wc2-dfw1/602846/trail.invadomedia.com/web/content/app/views/elements/widget_testimonials.ctp, line 17]
2012-06-03 19:23:31 Notice: Notice (8): Undefined index:  Testimonials in [/mnt/stor12-wc2-dfw1/602846/trail.invadomedia.com/web/content/app/views/elements/widget_testimonials.ctp, line 24]
2012-06-04 21:43:57 Notice: Notice (8): Undefined property: PagesController::$Testimonial in [/mnt/stor12-wc2-dfw1/602846/trail.invadomedia.com/web/content/app/controllers/pages_controller.php, line 32]
2012-06-04 21:45:39 Notice: Notice (8): Undefined index:  Testimonial in [/mnt/stor12-wc2-dfw1/602846/trail.invadomedia.com/web/content/app/views/pages/testimonials.ctp, line 13]
2012-06-04 21:45:39 Notice: Notice (8): Undefined index:  Testimonial in [/mnt/stor12-wc2-dfw1/602846/trail.invadomedia.com/web/content/app/views/pages/testimonials.ctp, line 14]
2012-06-04 21:45:39 Notice: Notice (8): Undefined variable: user in [/mnt/stor12-wc2-dfw1/602846/trail.invadomedia.com/web/content/app/views/pages/testimonials.ctp, line 21]
2012-06-04 21:45:39 Notice: Notice (8): Undefined variable: user in [/mnt/stor12-wc2-dfw1/602846/trail.invadomedia.com/web/content/app/views/pages/testimonials.ctp, line 22]
2012-06-04 21:45:39 Notice: Notice (8): Undefined variable: user in [/mnt/stor12-wc2-dfw1/602846/trail.invadomedia.com/web/content/app/views/pages/testimonials.ctp, line 23]
2012-06-04 21:45:39 Notice: Notice (8): Undefined variable: user in [/mnt/stor12-wc2-dfw1/602846/trail.invadomedia.com/web/content/app/views/pages/testimonials.ctp, line 24]
2012-06-04 21:45:39 Notice: Notice (8): Undefined variable: user in [/mnt/stor12-wc2-dfw1/602846/trail.invadomedia.com/web/content/app/views/pages/testimonials.ctp, line 25]
2012-06-04 21:46:15 Notice: Notice (8): Undefined index:  Testimonial in [/mnt/stor12-wc2-dfw1/602846/trail.invadomedia.com/web/content/app/views/pages/testimonials.ctp, line 13]
2012-06-04 21:46:15 Notice: Notice (8): Undefined index:  Testimonial in [/mnt/stor12-wc2-dfw1/602846/trail.invadomedia.com/web/content/app/views/pages/testimonials.ctp, line 14]
2012-06-04 21:46:15 Notice: Notice (8): Undefined variable: user in [/mnt/stor12-wc2-dfw1/602846/trail.invadomedia.com/web/content/app/views/pages/testimonials.ctp, line 21]
2012-06-04 21:46:15 Notice: Notice (8): Undefined variable: user in [/mnt/stor12-wc2-dfw1/602846/trail.invadomedia.com/web/content/app/views/pages/testimonials.ctp, line 22]
2012-06-04 21:46:15 Notice: Notice (8): Undefined variable: user in [/mnt/stor12-wc2-dfw1/602846/trail.invadomedia.com/web/content/app/views/pages/testimonials.ctp, line 23]
2012-06-04 21:46:15 Notice: Notice (8): Undefined variable: user in [/mnt/stor12-wc2-dfw1/602846/trail.invadomedia.com/web/content/app/views/pages/testimonials.ctp, line 24]
2012-06-04 21:46:15 Notice: Notice (8): Undefined variable: user in [/mnt/stor12-wc2-dfw1/602846/trail.invadomedia.com/web/content/app/views/pages/testimonials.ctp, line 25]
2012-06-04 22:37:50 Notice: Notice (8): Undefined variable: month in [/mnt/stor12-wc2-dfw1/602846/trail.invadomedia.com/web/content/app/controllers/pages_controller.php, line 64]
2012-06-04 23:02:16 Notice: Notice (8): Undefined index:  06 in [/mnt/stor12-wc2-dfw1/602846/trail.invadomedia.com/web/content/app/views/pages/calendar.ctp, line 64]
2012-06-05 08:14:04 Notice: Notice (8): Undefined variable: widget_news in [/mnt/stor12-wc2-dfw1/602846/trail.invadomedia.com/web/content/app/views/elements/widget_news.ctp, line 10]
2012-06-05 08:14:04 Notice: Notice (8): Undefined variable: widget_testimonials in [/mnt/stor12-wc2-dfw1/602846/trail.invadomedia.com/web/content/app/views/elements/widget_testimonials.ctp, line 3]
2012-06-05 09:17:29 Notice: Notice (8): Undefined variable: facts in [/mnt/stor12-wc2-dfw1/602846/trail.invadomedia.com/web/content/app/views/admin/faqsdelete.ctp, line 6]
2012-06-05 09:17:57 Notice: Notice (8): Undefined index:  deletenews in [/mnt/stor12-wc2-dfw1/602846/trail.invadomedia.com/web/content/app/controllers/admin_controller.php, line 238]
2012-06-05 09:23:11 Notice: Notice (8): Undefined variable: faqs in [/mnt/stor12-wc2-dfw1/602846/trail.invadomedia.com/web/content/app/views/pages/faq.ctp, line 2]
2012-06-05 09:23:47 Notice: Notice (8): Undefined index:  Question in [/mnt/stor12-wc2-dfw1/602846/trail.invadomedia.com/web/content/app/views/pages/faq.ctp, line 4]
2012-06-05 09:23:47 Notice: Notice (8): Undefined index:  Answer in [/mnt/stor12-wc2-dfw1/602846/trail.invadomedia.com/web/content/app/views/pages/faq.ctp, line 5]
2012-06-05 09:41:21 Notice: Notice (8): Undefined property: ResidentsController::$Resources in [/mnt/stor12-wc2-dfw1/602846/trail.invadomedia.com/web/content/app/controllers/residents_controller.php, line 24]
2012-06-05 09:41:52 Notice: Notice (8): Undefined property: ResidentsController::$Resources in [/mnt/stor12-wc2-dfw1/602846/trail.invadomedia.com/web/content/app/controllers/residents_controller.php, line 24]
2012-06-05 09:42:11 Notice: Notice (8): Undefined property: ResidentsController::$Resources in [/mnt/stor12-wc2-dfw1/602846/trail.invadomedia.com/web/content/app/controllers/residents_controller.php, line 24]
2012-06-05 09:43:15 Notice: Notice (8): Undefined property: WelcomeController::$Resources in [/mnt/stor12-wc2-dfw1/602846/trail.invadomedia.com/web/content/app/controllers/welcome_controller.php, line 24]
2012-06-20 18:38:48 Notice: Notice (8): Undefined property: WelcomeController::$Trail in [/mnt/stor12-wc2-dfw1/602846/trail.invadomedia.com/web/content/app/controllers/welcome_controller.php, line 38]
2012-09-08 15:44:57 Notice: Notice (8): Undefined index:  Resources in [/mnt/stor12-wc2-dfw1/602846/trail.invadomedia.com/web/content/app/views/pages/newsletter_current.ctp, line 6]
2012-09-08 15:44:57 Notice: Notice (8): Undefined index:  Resources in [/mnt/stor12-wc2-dfw1/602846/trail.invadomedia.com/web/content/app/views/pages/newsletter_current.ctp, line 9]
2012-09-08 15:44:57 Notice: Notice (8): Undefined index:  Resources in [/mnt/stor12-wc2-dfw1/602846/trail.invadomedia.com/web/content/app/views/pages/newsletter_current.ctp, line 12]
2012-09-08 15:44:57 Notice: Notice (8): Undefined index:  Resources in [/mnt/stor12-wc2-dfw1/602846/trail.invadomedia.com/web/content/app/views/pages/newsletter_current.ctp, line 22]
2012-09-08 15:47:26 Notice: Notice (8): Undefined index:  Resources in [/mnt/stor12-wc2-dfw1/602846/trail.invadomedia.com/web/content/app/views/pages/newsletter_current.ctp, line 7]
2012-09-08 15:47:26 Notice: Notice (8): Undefined index:  Resources in [/mnt/stor12-wc2-dfw1/602846/trail.invadomedia.com/web/content/app/views/pages/newsletter_current.ctp, line 10]
2012-09-08 15:47:26 Notice: Notice (8): Undefined index:  Resources in [/mnt/stor12-wc2-dfw1/602846/trail.invadomedia.com/web/content/app/views/pages/newsletter_current.ctp, line 13]
2012-09-08 15:47:26 Notice: Notice (8): Undefined index:  Resources in [/mnt/stor12-wc2-dfw1/602846/trail.invadomedia.com/web/content/app/views/pages/newsletter_current.ctp, line 23]
2012-09-08 15:48:50 Notice: Notice (8): Undefined index:  Resources in [/mnt/stor12-wc2-dfw1/602846/trail.invadomedia.com/web/content/app/views/pages/newsletter_current.ctp, line 18]
