2012-03-03 23:56:31 Warning: Warning (512): Method UploadHelper::image does not exist in [/mnt/stor12-wc2-dfw1/602846/trail.invadomedia.com/web/content/cake/libs/view/helper.php, line 154]
2012-03-03 23:56:35 Warning: Warning (512): Method UploadHelper::image does not exist in [/mnt/stor12-wc2-dfw1/602846/trail.invadomedia.com/web/content/cake/libs/view/helper.php, line 154]
2012-03-03 23:56:47 Warning: Warning (512): Method UploadHelper::image does not exist in [/mnt/stor12-wc2-dfw1/602846/trail.invadomedia.com/web/content/cake/libs/view/helper.php, line 154]
2012-03-04 00:00:25 Warning: Warning (512): Method UploadHelper::image does not exist in [/mnt/stor12-wc2-dfw1/602846/trail.invadomedia.com/web/content/cake/libs/view/helper.php, line 154]
2012-03-04 00:02:07 Warning: Warning (512): Method UploadHelper::image does not exist in [/mnt/stor12-wc2-dfw1/602846/trail.invadomedia.com/web/content/cake/libs/view/helper.php, line 154]
2012-03-08 22:37:24 Warning: Warning (2): Invalid argument supplied for foreach() in [/mnt/stor12-wc2-dfw1/602846/trail.invadomedia.com/web/content/app/views/admin/facts.ctp, line 18]
2012-03-08 22:40:34 Warning: Warning (2): Invalid argument supplied for foreach() in [/mnt/stor12-wc2-dfw1/602846/trail.invadomedia.com/web/content/app/views/admin/facts.ctp, line 16]
2012-03-08 23:00:05 Warning: Warning (2): array_merge() [<a href='http://php.net/function.array-merge'>function.array-merge</a>]: Argument #3 is not an array in [/mnt/stor12-wc2-dfw1/602846/trail.invadomedia.com/web/content/cake/libs/view/helpers/form.php, line 723]
2012-03-08 23:00:38 Warning: Warning (2): array_merge() [<a href='http://php.net/function.array-merge'>function.array-merge</a>]: Argument #3 is not an array in [/mnt/stor12-wc2-dfw1/602846/trail.invadomedia.com/web/content/cake/libs/view/helpers/form.php, line 723]
2012-03-10 22:56:28 Warning: Warning (2): file_get_contents(/mnt/stor12-wc2-dfw1/602846/trail.invadomedia.com/web/content/views//home/home.ctp.ctp) [<a href='http://php.net/function.file-get-contents'>function.file-get-contents</a>]: failed to open stream: No such file or directory in [/mnt/stor12-wc2-dfw1/602846/trail.invadomedia.com/web/content/app/views/admin/contentedit.ctp, line 15]
2012-03-10 22:59:01 Warning: Warning (2): file_get_contents(/mnt/stor12-wc2-dfw1/602846/trail.invadomedia.com/web/content/views//home/home.ctp) [<a href='http://php.net/function.file-get-contents'>function.file-get-contents</a>]: failed to open stream: No such file or directory in [/mnt/stor12-wc2-dfw1/602846/trail.invadomedia.com/web/content/app/views/admin/contentedit.ctp, line 15]
2012-03-10 23:01:44 Warning: Warning (2): file_get_contents(/mnt/stor12-wc2-dfw1/602846/trail.invadomedia.com/web/content/views/home/home.ctp) [<a href='http://php.net/function.file-get-contents'>function.file-get-contents</a>]: failed to open stream: No such file or directory in [/mnt/stor12-wc2-dfw1/602846/trail.invadomedia.com/web/content/app/views/admin/contentedit.ctp, line 15]
2012-03-10 23:03:28 Warning: Warning (2): file_get_contents(/mnt/stor12-wc2-dfw1/602846/trail.invadomedia.com/web/content/views/home/home.ctp) [<a href='http://php.net/function.file-get-contents'>function.file-get-contents</a>]: failed to open stream: No such file or directory in [/mnt/stor12-wc2-dfw1/602846/trail.invadomedia.com/web/content/app/views/admin/contentedit.ctp, line 15]
2012-03-10 23:05:08 Warning: Warning (2): file_get_contents(/mnt/stor12-wc2-dfw1/602846/trail.invadomedia.com/web/content/views/home/home.ctp) [<a href='http://php.net/function.file-get-contents'>function.file-get-contents</a>]: failed to open stream: No such file or directory in [/mnt/stor12-wc2-dfw1/602846/trail.invadomedia.com/web/content/app/views/admin/contentedit.ctp, line 15]
2012-03-11 00:08:56 Warning: Warning (2): file_get_contents(/mnt/stor12-wc2-dfw1/602846/trail.invadomedia.com/web/content/app/views/.ctp) [<a href='http://php.net/function.file-get-contents'>function.file-get-contents</a>]: failed to open stream: No such file or directory in [/mnt/stor12-wc2-dfw1/602846/trail.invadomedia.com/web/content/app/views/admin/contentedit.ctp, line 14]
2012-03-11 00:08:56 Warning: Warning (2): file_get_contents(/mnt/stor12-wc2-dfw1/602846/trail.invadomedia.com/web/content/app/views/.ctp) [<a href='http://php.net/function.file-get-contents'>function.file-get-contents</a>]: failed to open stream: No such file or directory in [/mnt/stor12-wc2-dfw1/602846/trail.invadomedia.com/web/content/app/views/admin/contentedit.ctp, line 14]
2012-03-11 00:08:56 Warning: Warning (2): file_get_contents(/mnt/stor12-wc2-dfw1/602846/trail.invadomedia.com/web/content/app/views/.ctp) [<a href='http://php.net/function.file-get-contents'>function.file-get-contents</a>]: failed to open stream: No such file or directory in [/mnt/stor12-wc2-dfw1/602846/trail.invadomedia.com/web/content/app/views/admin/contentedit.ctp, line 14]
2012-03-11 00:09:56 Warning: Warning (2): file_get_contents(/mnt/stor12-wc2-dfw1/602846/trail.invadomedia.com/web/content/app/views/.ctp) [<a href='http://php.net/function.file-get-contents'>function.file-get-contents</a>]: failed to open stream: No such file or directory in [/mnt/stor12-wc2-dfw1/602846/trail.invadomedia.com/web/content/app/views/admin/contentedit.ctp, line 14]
2012-03-11 00:09:56 Warning: Warning (2): file_get_contents(/mnt/stor12-wc2-dfw1/602846/trail.invadomedia.com/web/content/app/views/.ctp) [<a href='http://php.net/function.file-get-contents'>function.file-get-contents</a>]: failed to open stream: No such file or directory in [/mnt/stor12-wc2-dfw1/602846/trail.invadomedia.com/web/content/app/views/admin/contentedit.ctp, line 14]
2012-03-11 00:09:56 Warning: Warning (2): file_get_contents(/mnt/stor12-wc2-dfw1/602846/trail.invadomedia.com/web/content/app/views/.ctp) [<a href='http://php.net/function.file-get-contents'>function.file-get-contents</a>]: failed to open stream: No such file or directory in [/mnt/stor12-wc2-dfw1/602846/trail.invadomedia.com/web/content/app/views/admin/contentedit.ctp, line 14]
2012-03-11 00:18:15 Warning: Warning (2): Missing argument 1 for AdminController::contentadmindelete() in [/mnt/stor12-wc2-dfw1/602846/trail.invadomedia.com/web/content/app/controllers/admin_controller.php, line 332]
2012-03-11 00:18:15 Warning: Warning (512): <span style="color:Red;text-align:left"><b>SQL Error:</b> 1064: You have an error in your SQL syntax; check the manual that corresponds to your MySQL server version for the right syntax to use near 'del' at line 1</span> in [/mnt/stor12-wc2-dfw1/602846/trail.invadomedia.com/web/content/cake/libs/model/datasources/dbo_source.php, line 684]
2012-03-11 00:18:37 Warning: Warning (2): Missing argument 1 for AdminController::contentadmindelete() in [/mnt/stor12-wc2-dfw1/602846/trail.invadomedia.com/web/content/app/controllers/admin_controller.php, line 332]
2012-03-11 00:18:37 Warning: Warning (512): <span style="color:Red;text-align:left"><b>SQL Error:</b> 1064: You have an error in your SQL syntax; check the manual that corresponds to your MySQL server version for the right syntax to use near 'del' at line 1</span> in [/mnt/stor12-wc2-dfw1/602846/trail.invadomedia.com/web/content/cake/libs/model/datasources/dbo_source.php, line 684]
2012-03-11 00:23:27 Warning: Warning (2): Missing argument 1 for AdminController::contentadmindelete() in [/mnt/stor12-wc2-dfw1/602846/trail.invadomedia.com/web/content/app/controllers/admin_controller.php, line 333]
2012-03-11 00:23:27 Warning: Warning (512): <span style="color:Red;text-align:left"><b>SQL Error:</b> 1064: You have an error in your SQL syntax; check the manual that corresponds to your MySQL server version for the right syntax to use near 'del' at line 1</span> in [/mnt/stor12-wc2-dfw1/602846/trail.invadomedia.com/web/content/cake/libs/model/datasources/dbo_source.php, line 684]
2012-03-11 00:25:26 Warning: Warning (512): <span style="color:Red;text-align:left"><b>SQL Error:</b> 1064: You have an error in your SQL syntax; check the manual that corresponds to your MySQL server version for the right syntax to use near 'del' at line 1</span> in [/mnt/stor12-wc2-dfw1/602846/trail.invadomedia.com/web/content/cake/libs/model/datasources/dbo_source.php, line 684]
2012-05-15 15:06:53 Warning: Warning (2): file_get_contents(/mnt/stor12-wc2-dfw1/602846/trail.invadomedia.com/web/content/app/views/.ctp) [<a href='http://php.net/function.file-get-contents'>function.file-get-contents</a>]: failed to open stream: No such file or directory in [/mnt/stor12-wc2-dfw1/602846/trail.invadomedia.com/web/content/app/views/admin/contentedit.ctp, line 14]
2012-05-15 15:06:53 Warning: Warning (2): file_get_contents(/mnt/stor12-wc2-dfw1/602846/trail.invadomedia.com/web/content/app/views/.ctp) [<a href='http://php.net/function.file-get-contents'>function.file-get-contents</a>]: failed to open stream: No such file or directory in [/mnt/stor12-wc2-dfw1/602846/trail.invadomedia.com/web/content/app/views/admin/contentedit.ctp, line 14]
2012-05-15 15:06:53 Warning: Warning (2): file_get_contents(/mnt/stor12-wc2-dfw1/602846/trail.invadomedia.com/web/content/app/views/.ctp) [<a href='http://php.net/function.file-get-contents'>function.file-get-contents</a>]: failed to open stream: No such file or directory in [/mnt/stor12-wc2-dfw1/602846/trail.invadomedia.com/web/content/app/views/admin/contentedit.ctp, line 14]
2012-05-29 20:51:48 Warning: Warning (2): file_get_contents(/mnt/stor12-wc2-dfw1/602846/trail.invadomedia.com/web/content/app/views/.ctp) [<a href='http://php.net/function.file-get-contents'>function.file-get-contents</a>]: failed to open stream: No such file or directory in [/mnt/stor12-wc2-dfw1/602846/trail.invadomedia.com/web/content/app/views/admin/contentedit.ctp, line 14]
2012-05-29 20:51:48 Warning: Warning (2): file_get_contents(/mnt/stor12-wc2-dfw1/602846/trail.invadomedia.com/web/content/app/views/.ctp) [<a href='http://php.net/function.file-get-contents'>function.file-get-contents</a>]: failed to open stream: No such file or directory in [/mnt/stor12-wc2-dfw1/602846/trail.invadomedia.com/web/content/app/views/admin/contentedit.ctp, line 14]
2012-05-29 20:51:48 Warning: Warning (2): file_get_contents(/mnt/stor12-wc2-dfw1/602846/trail.invadomedia.com/web/content/app/views/.ctp) [<a href='http://php.net/function.file-get-contents'>function.file-get-contents</a>]: failed to open stream: No such file or directory in [/mnt/stor12-wc2-dfw1/602846/trail.invadomedia.com/web/content/app/views/admin/contentedit.ctp, line 14]
2012-05-31 08:40:13 Warning: Warning (2): file_get_contents(/mnt/stor12-wc2-dfw1/602846/trail.invadomedia.com/web/content/app/views/.ctp) [<a href='http://php.net/function.file-get-contents'>function.file-get-contents</a>]: failed to open stream: No such file or directory in [/mnt/stor12-wc2-dfw1/602846/trail.invadomedia.com/web/content/app/views/admin/contentedit.ctp, line 14]
2012-05-31 08:40:13 Warning: Warning (2): file_get_contents(/mnt/stor12-wc2-dfw1/602846/trail.invadomedia.com/web/content/app/views/.ctp) [<a href='http://php.net/function.file-get-contents'>function.file-get-contents</a>]: failed to open stream: No such file or directory in [/mnt/stor12-wc2-dfw1/602846/trail.invadomedia.com/web/content/app/views/admin/contentedit.ctp, line 14]
2012-05-31 08:40:13 Warning: Warning (2): file_get_contents(/mnt/stor12-wc2-dfw1/602846/trail.invadomedia.com/web/content/app/views/.ctp) [<a href='http://php.net/function.file-get-contents'>function.file-get-contents</a>]: failed to open stream: No such file or directory in [/mnt/stor12-wc2-dfw1/602846/trail.invadomedia.com/web/content/app/views/admin/contentedit.ctp, line 14]
2012-06-03 18:41:47 Warning: Warning (2): Invalid argument supplied for foreach() in [/mnt/stor12-wc2-dfw1/602846/trail.invadomedia.com/web/content/app/views/elements/widget_news.ctp, line 23]
2012-06-03 18:45:08 Warning: Warning (2): Invalid argument supplied for foreach() in [/mnt/stor12-wc2-dfw1/602846/trail.invadomedia.com/web/content/app/views/elements/widget_news.ctp, line 23]
2012-06-04 21:44:43 Warning: Warning (512): <span style="color:Red;text-align:left"><b>SQL Error:</b> 1054: Unknown column 'Testimonials.datestamp' in 'order clause'</span> in [/mnt/stor12-wc2-dfw1/602846/trail.invadomedia.com/web/content/cake/libs/model/datasources/dbo_source.php, line 684]
2012-06-04 21:44:43 Warning: Warning (2): Invalid argument supplied for foreach() in [/mnt/stor12-wc2-dfw1/602846/trail.invadomedia.com/web/content/app/views/pages/testimonials.ctp, line 3]
2012-06-04 22:37:49 Warning: Warning (2): Missing argument 1 for PagesController::calendar() in [/mnt/stor12-wc2-dfw1/602846/trail.invadomedia.com/web/content/app/controllers/pages_controller.php, line 63]
2012-06-04 22:37:50 Warning: Warning (2): Missing argument 2 for PagesController::calendar() in [/mnt/stor12-wc2-dfw1/602846/trail.invadomedia.com/web/content/app/controllers/pages_controller.php, line 63]
2012-06-05 08:12:11 Warning: Warning (512): <span style="color:Red;text-align:left"><b>SQL Error:</b> 1054: Unknown column 'Resources.parent' in 'where clause'</span> in [/mnt/stor12-wc2-dfw1/602846/trail.invadomedia.com/web/content/cake/libs/model/datasources/dbo_source.php, line 684]
2012-06-05 08:14:04 Warning: Warning (2): Invalid argument supplied for foreach() in [/mnt/stor12-wc2-dfw1/602846/trail.invadomedia.com/web/content/app/views/elements/widget_news.ctp, line 10]
2012-06-05 08:14:04 Warning: Warning (2): Invalid argument supplied for foreach() in [/mnt/stor12-wc2-dfw1/602846/trail.invadomedia.com/web/content/app/views/elements/widget_testimonials.ctp, line 3]
2012-06-05 09:23:11 Warning: Warning (2): Invalid argument supplied for foreach() in [/mnt/stor12-wc2-dfw1/602846/trail.invadomedia.com/web/content/app/views/pages/faq.ctp, line 2]
2012-08-01 01:54:01 Warning: Warning (512): <span style="color:Red;text-align:left"><b>SQL Error:</b> 1064: You have an error in your SQL syntax; check the manual that corresponds to your MySQL server version for the right syntax to use near 'order = ('Faqs.sortorder')' at line 1</span> in [/mnt/stor12-wc2-dfw1/602846/trail.invadomedia.com/web/content/cake/libs/model/datasources/dbo_source.php, line 684]
2012-08-01 01:54:01 Warning: Warning (512): <span style="color:Red;text-align:left"><b>SQL Error:</b> 1064: You have an error in your SQL syntax; check the manual that corresponds to your MySQL server version for the right syntax to use near 'order = ('Faqs.sortorder')    LIMIT 20' at line 1</span> in [/mnt/stor12-wc2-dfw1/602846/trail.invadomedia.com/web/content/cake/libs/model/datasources/dbo_source.php, line 684]
2012-08-01 01:54:02 Warning: Warning (2): Invalid argument supplied for foreach() in [/mnt/stor12-wc2-dfw1/602846/trail.invadomedia.com/web/content/app/views/admin/faqs.ctp, line 16]
2012-10-11 17:47:48 Warning: Warning (2): mysql_connect() [<a href='function.mysql-connect'>function.mysql-connect</a>]: Unknown MySQL server host 'mysql51-017.wc2.dfw1.stabletransit.com' (2) in [/mnt/stor12-wc2-dfw1/602846/www.thep.ca/web/content/cake/libs/model/datasources/dbo/dbo_mysql.php, line 561]
2012-10-11 17:47:49 Warning: Warning (2): mysql_query() expects parameter 2 to be resource, boolean given in [/mnt/stor12-wc2-dfw1/602846/www.thep.ca/web/content/cake/libs/model/datasources/dbo/dbo_mysql.php, line 613]
2012-10-11 17:47:49 Warning: Warning (2): mysql_errno() expects parameter 1 to be resource, boolean given in [/mnt/stor12-wc2-dfw1/602846/www.thep.ca/web/content/cake/libs/model/datasources/dbo/dbo_mysql.php, line 695]
2012-10-11 17:47:49 Warning: Warning (2): mysql_query() expects parameter 2 to be resource, boolean given in [/mnt/stor12-wc2-dfw1/602846/www.thep.ca/web/content/cake/libs/model/datasources/dbo/dbo_mysql.php, line 613]
2012-10-11 17:47:49 Warning: Warning (2): mysql_errno() expects parameter 1 to be resource, boolean given in [/mnt/stor12-wc2-dfw1/602846/www.thep.ca/web/content/cake/libs/model/datasources/dbo/dbo_mysql.php, line 695]
2012-10-11 17:47:49 Warning: Warning (2): mysql_query() expects parameter 2 to be resource, boolean given in [/mnt/stor12-wc2-dfw1/602846/www.thep.ca/web/content/cake/libs/model/datasources/dbo/dbo_mysql.php, line 613]
2012-10-11 17:47:49 Warning: Warning (2): mysql_errno() expects parameter 1 to be resource, boolean given in [/mnt/stor12-wc2-dfw1/602846/www.thep.ca/web/content/cake/libs/model/datasources/dbo/dbo_mysql.php, line 695]
2012-10-11 17:47:49 Warning: Warning (2): mysql_real_escape_string() expects parameter 2 to be resource, boolean given in [/mnt/stor12-wc2-dfw1/602846/www.thep.ca/web/content/cake/libs/model/datasources/dbo/dbo_mysql.php, line 684]
2012-10-11 17:47:49 Warning: Warning (2): mysql_query() expects parameter 2 to be resource, boolean given in [/mnt/stor12-wc2-dfw1/602846/www.thep.ca/web/content/cake/libs/model/datasources/dbo/dbo_mysql.php, line 613]
2012-10-11 17:47:49 Warning: Warning (2): mysql_errno() expects parameter 1 to be resource, boolean given in [/mnt/stor12-wc2-dfw1/602846/www.thep.ca/web/content/cake/libs/model/datasources/dbo/dbo_mysql.php, line 695]
2012-10-11 20:51:36 Warning: Warning (2): Unknown: Failed to write session data (redisr). Please verify that the current setting of session.save_path is correct (/var/lib/php/session) in [Unknown, line 0]
2013-05-17 16:41:45 Warning: Warning (2): Invalid argument supplied for foreach() in [/mnt/stor12-wc2-dfw1/602846/www.thep.ca/web/content/app/controllers/admin_controller.php, line 109]
2013-05-28 16:21:24 Warning: Warning (2): Invalid argument supplied for foreach() in [/mnt/stor12-wc2-dfw1/602846/www.thep.ca/web/content/app/controllers/admin_controller.php, line 109]
2013-05-29 18:03:29 Warning: Warning (2): Invalid argument supplied for foreach() in [/mnt/stor12-wc2-dfw1/602846/www.thep.ca/web/content/app/controllers/admin_controller.php, line 190]
2013-05-29 18:03:52 Warning: Warning (2): Invalid argument supplied for foreach() in [/mnt/stor12-wc2-dfw1/602846/www.thep.ca/web/content/app/controllers/admin_controller.php, line 190]
2013-05-29 18:05:01 Warning: Warning (2): Invalid argument supplied for foreach() in [/mnt/stor12-wc2-dfw1/602846/www.thep.ca/web/content/app/controllers/admin_controller.php, line 190]
2013-05-29 18:13:28 Warning: Warning (2): Invalid argument supplied for foreach() in [/mnt/stor12-wc2-dfw1/602846/www.thep.ca/web/content/app/controllers/admin_controller.php, line 190]
2013-05-29 18:14:44 Warning: Warning (2): Invalid argument supplied for foreach() in [/mnt/stor12-wc2-dfw1/602846/www.thep.ca/web/content/app/controllers/admin_controller.php, line 190]
2013-05-29 18:15:17 Warning: Warning (2): Invalid argument supplied for foreach() in [/mnt/stor12-wc2-dfw1/602846/www.thep.ca/web/content/app/controllers/admin_controller.php, line 190]
2013-05-29 18:16:26 Warning: Warning (2): Invalid argument supplied for foreach() in [/mnt/stor12-wc2-dfw1/602846/www.thep.ca/web/content/app/controllers/admin_controller.php, line 231]
2013-05-29 18:16:30 Warning: Warning (2): Invalid argument supplied for foreach() in [/mnt/stor12-wc2-dfw1/602846/www.thep.ca/web/content/app/controllers/admin_controller.php, line 231]
2013-05-29 18:16:33 Warning: Warning (2): Invalid argument supplied for foreach() in [/mnt/stor12-wc2-dfw1/602846/www.thep.ca/web/content/app/controllers/admin_controller.php, line 231]
2013-05-29 18:16:38 Warning: Warning (2): Invalid argument supplied for foreach() in [/mnt/stor12-wc2-dfw1/602846/www.thep.ca/web/content/app/controllers/admin_controller.php, line 231]
2013-05-29 18:16:48 Warning: Warning (2): Invalid argument supplied for foreach() in [/mnt/stor12-wc2-dfw1/602846/www.thep.ca/web/content/app/controllers/admin_controller.php, line 231]
2013-05-30 13:38:20 Warning: Warning (2): Invalid argument supplied for foreach() in [/mnt/stor12-wc2-dfw1/602846/www.thep.ca/web/content/app/controllers/admin_controller.php, line 190]
2013-05-30 13:38:49 Warning: Warning (2): Invalid argument supplied for foreach() in [/mnt/stor12-wc2-dfw1/602846/www.thep.ca/web/content/app/controllers/admin_controller.php, line 190]
2013-05-30 13:39:54 Warning: Warning (2): Invalid argument supplied for foreach() in [/mnt/stor12-wc2-dfw1/602846/www.thep.ca/web/content/app/controllers/admin_controller.php, line 231]
2013-05-30 13:40:15 Warning: Warning (2): Invalid argument supplied for foreach() in [/mnt/stor12-wc2-dfw1/602846/www.thep.ca/web/content/app/controllers/admin_controller.php, line 231]
2013-09-17 14:51:53 Warning: Warning (2): mysql_connect() [<a href='function.mysql-connect'>function.mysql-connect</a>]: Unknown MySQL server host 'mysql51-017.wc2.dfw1.stabletransit.com' (2) in [/mnt/stor12-wc2-dfw1/602846/www.thep.ca/web/content/cake/libs/model/datasources/dbo/dbo_mysql.php, line 561]
2013-09-17 14:51:53 Warning: Warning (2): mysql_query() expects parameter 2 to be resource, boolean given in [/mnt/stor12-wc2-dfw1/602846/www.thep.ca/web/content/cake/libs/model/datasources/dbo/dbo_mysql.php, line 613]
2013-09-17 14:51:53 Warning: Warning (2): mysql_errno() expects parameter 1 to be resource, boolean given in [/mnt/stor12-wc2-dfw1/602846/www.thep.ca/web/content/cake/libs/model/datasources/dbo/dbo_mysql.php, line 695]
2013-09-17 14:51:53 Warning: Warning (2): mysql_query() expects parameter 2 to be resource, boolean given in [/mnt/stor12-wc2-dfw1/602846/www.thep.ca/web/content/cake/libs/model/datasources/dbo/dbo_mysql.php, line 613]
2013-09-17 14:51:53 Warning: Warning (2): mysql_errno() expects parameter 1 to be resource, boolean given in [/mnt/stor12-wc2-dfw1/602846/www.thep.ca/web/content/cake/libs/model/datasources/dbo/dbo_mysql.php, line 695]
2013-09-17 14:51:53 Warning: Warning (2): mysql_query() expects parameter 2 to be resource, boolean given in [/mnt/stor12-wc2-dfw1/602846/www.thep.ca/web/content/cake/libs/model/datasources/dbo/dbo_mysql.php, line 613]
2013-09-17 14:51:53 Warning: Warning (2): mysql_errno() expects parameter 1 to be resource, boolean given in [/mnt/stor12-wc2-dfw1/602846/www.thep.ca/web/content/cake/libs/model/datasources/dbo/dbo_mysql.php, line 695]
2013-09-18 16:59:17 Warning: Warning (2): mysql_connect() [<a href='function.mysql-connect'>function.mysql-connect</a>]: Lost connection to MySQL server at 'reading initial communication packet', system error: 110 in [/mnt/stor12-wc2-dfw1/602846/www.thep.ca/web/content/cake/libs/model/datasources/dbo/dbo_mysql.php, line 561]
2013-09-18 16:59:17 Warning: Warning (2): mysql_query() expects parameter 2 to be resource, boolean given in [/mnt/stor12-wc2-dfw1/602846/www.thep.ca/web/content/cake/libs/model/datasources/dbo/dbo_mysql.php, line 613]
2013-09-18 16:59:17 Warning: Warning (2): mysql_errno() expects parameter 1 to be resource, boolean given in [/mnt/stor12-wc2-dfw1/602846/www.thep.ca/web/content/cake/libs/model/datasources/dbo/dbo_mysql.php, line 695]
2013-09-18 16:59:17 Warning: Warning (2): mysql_query() expects parameter 2 to be resource, boolean given in [/mnt/stor12-wc2-dfw1/602846/www.thep.ca/web/content/cake/libs/model/datasources/dbo/dbo_mysql.php, line 613]
2013-09-18 16:59:17 Warning: Warning (2): mysql_errno() expects parameter 1 to be resource, boolean given in [/mnt/stor12-wc2-dfw1/602846/www.thep.ca/web/content/cake/libs/model/datasources/dbo/dbo_mysql.php, line 695]
2013-09-18 16:59:18 Warning: Warning (2): mysql_query() expects parameter 2 to be resource, boolean given in [/mnt/stor12-wc2-dfw1/602846/www.thep.ca/web/content/cake/libs/model/datasources/dbo/dbo_mysql.php, line 613]
2013-09-18 16:59:18 Warning: Warning (2): mysql_errno() expects parameter 1 to be resource, boolean given in [/mnt/stor12-wc2-dfw1/602846/www.thep.ca/web/content/cake/libs/model/datasources/dbo/dbo_mysql.php, line 695]
2013-09-18 16:59:24 Warning: Warning (2): mysql_connect() [<a href='function.mysql-connect'>function.mysql-connect</a>]: Lost connection to MySQL server at 'reading initial communication packet', system error: 110 in [/mnt/stor12-wc2-dfw1/602846/www.thep.ca/web/content/cake/libs/model/datasources/dbo/dbo_mysql.php, line 561]
2013-09-18 16:59:24 Warning: Warning (2): mysql_query() expects parameter 2 to be resource, boolean given in [/mnt/stor12-wc2-dfw1/602846/www.thep.ca/web/content/cake/libs/model/datasources/dbo/dbo_mysql.php, line 613]
2013-09-18 16:59:24 Warning: Warning (2): mysql_errno() expects parameter 1 to be resource, boolean given in [/mnt/stor12-wc2-dfw1/602846/www.thep.ca/web/content/cake/libs/model/datasources/dbo/dbo_mysql.php, line 695]
2013-09-18 16:59:24 Warning: Warning (2): mysql_query() expects parameter 2 to be resource, boolean given in [/mnt/stor12-wc2-dfw1/602846/www.thep.ca/web/content/cake/libs/model/datasources/dbo/dbo_mysql.php, line 613]
2013-09-18 16:59:24 Warning: Warning (2): mysql_errno() expects parameter 1 to be resource, boolean given in [/mnt/stor12-wc2-dfw1/602846/www.thep.ca/web/content/cake/libs/model/datasources/dbo/dbo_mysql.php, line 695]
2013-09-18 16:59:24 Warning: Warning (2): mysql_query() expects parameter 2 to be resource, boolean given in [/mnt/stor12-wc2-dfw1/602846/www.thep.ca/web/content/cake/libs/model/datasources/dbo/dbo_mysql.php, line 613]
2013-09-18 16:59:24 Warning: Warning (2): mysql_errno() expects parameter 1 to be resource, boolean given in [/mnt/stor12-wc2-dfw1/602846/www.thep.ca/web/content/cake/libs/model/datasources/dbo/dbo_mysql.php, line 695]
2013-09-18 16:59:26 Warning: Warning (2): mysql_connect() [<a href='function.mysql-connect'>function.mysql-connect</a>]: Lost connection to MySQL server at 'reading initial communication packet', system error: 110 in [/mnt/stor12-wc2-dfw1/602846/www.thep.ca/web/content/cake/libs/model/datasources/dbo/dbo_mysql.php, line 561]
2013-09-18 16:59:26 Warning: Warning (2): mysql_query() expects parameter 2 to be resource, boolean given in [/mnt/stor12-wc2-dfw1/602846/www.thep.ca/web/content/cake/libs/model/datasources/dbo/dbo_mysql.php, line 613]
2013-09-18 16:59:26 Warning: Warning (2): mysql_errno() expects parameter 1 to be resource, boolean given in [/mnt/stor12-wc2-dfw1/602846/www.thep.ca/web/content/cake/libs/model/datasources/dbo/dbo_mysql.php, line 695]
2013-09-18 16:59:26 Warning: Warning (2): mysql_query() expects parameter 2 to be resource, boolean given in [/mnt/stor12-wc2-dfw1/602846/www.thep.ca/web/content/cake/libs/model/datasources/dbo/dbo_mysql.php, line 613]
2013-09-18 16:59:26 Warning: Warning (2): mysql_errno() expects parameter 1 to be resource, boolean given in [/mnt/stor12-wc2-dfw1/602846/www.thep.ca/web/content/cake/libs/model/datasources/dbo/dbo_mysql.php, line 695]
2013-09-18 16:59:26 Warning: Warning (2): mysql_query() expects parameter 2 to be resource, boolean given in [/mnt/stor12-wc2-dfw1/602846/www.thep.ca/web/content/cake/libs/model/datasources/dbo/dbo_mysql.php, line 613]
2013-09-18 16:59:26 Warning: Warning (2): mysql_errno() expects parameter 1 to be resource, boolean given in [/mnt/stor12-wc2-dfw1/602846/www.thep.ca/web/content/cake/libs/model/datasources/dbo/dbo_mysql.php, line 695]
2013-09-18 16:59:26 Warning: Warning (2): mysql_connect() [<a href='function.mysql-connect'>function.mysql-connect</a>]: Lost connection to MySQL server at 'reading initial communication packet', system error: 110 in [/mnt/stor12-wc2-dfw1/602846/www.thep.ca/web/content/cake/libs/model/datasources/dbo/dbo_mysql.php, line 561]
2013-09-18 16:59:27 Warning: Warning (2): mysql_query() expects parameter 2 to be resource, boolean given in [/mnt/stor12-wc2-dfw1/602846/www.thep.ca/web/content/cake/libs/model/datasources/dbo/dbo_mysql.php, line 613]
2013-09-18 16:59:27 Warning: Warning (2): mysql_errno() expects parameter 1 to be resource, boolean given in [/mnt/stor12-wc2-dfw1/602846/www.thep.ca/web/content/cake/libs/model/datasources/dbo/dbo_mysql.php, line 695]
2013-09-18 16:59:27 Warning: Warning (2): mysql_query() expects parameter 2 to be resource, boolean given in [/mnt/stor12-wc2-dfw1/602846/www.thep.ca/web/content/cake/libs/model/datasources/dbo/dbo_mysql.php, line 613]
2013-09-18 16:59:27 Warning: Warning (2): mysql_errno() expects parameter 1 to be resource, boolean given in [/mnt/stor12-wc2-dfw1/602846/www.thep.ca/web/content/cake/libs/model/datasources/dbo/dbo_mysql.php, line 695]
2013-09-18 16:59:27 Warning: Warning (2): mysql_query() expects parameter 2 to be resource, boolean given in [/mnt/stor12-wc2-dfw1/602846/www.thep.ca/web/content/cake/libs/model/datasources/dbo/dbo_mysql.php, line 613]
2013-09-18 16:59:27 Warning: Warning (2): mysql_errno() expects parameter 1 to be resource, boolean given in [/mnt/stor12-wc2-dfw1/602846/www.thep.ca/web/content/cake/libs/model/datasources/dbo/dbo_mysql.php, line 695]
2013-09-18 16:59:29 Warning: Warning (2): mysql_connect() [<a href='function.mysql-connect'>function.mysql-connect</a>]: Lost connection to MySQL server at 'reading initial communication packet', system error: 110 in [/mnt/stor12-wc2-dfw1/602846/www.thep.ca/web/content/cake/libs/model/datasources/dbo/dbo_mysql.php, line 561]
2013-09-18 16:59:29 Warning: Warning (2): mysql_query() expects parameter 2 to be resource, boolean given in [/mnt/stor12-wc2-dfw1/602846/www.thep.ca/web/content/cake/libs/model/datasources/dbo/dbo_mysql.php, line 613]
2013-09-18 16:59:29 Warning: Warning (2): mysql_errno() expects parameter 1 to be resource, boolean given in [/mnt/stor12-wc2-dfw1/602846/www.thep.ca/web/content/cake/libs/model/datasources/dbo/dbo_mysql.php, line 695]
2013-09-18 16:59:29 Warning: Warning (2): mysql_query() expects parameter 2 to be resource, boolean given in [/mnt/stor12-wc2-dfw1/602846/www.thep.ca/web/content/cake/libs/model/datasources/dbo/dbo_mysql.php, line 613]
2013-09-18 16:59:29 Warning: Warning (2): mysql_errno() expects parameter 1 to be resource, boolean given in [/mnt/stor12-wc2-dfw1/602846/www.thep.ca/web/content/cake/libs/model/datasources/dbo/dbo_mysql.php, line 695]
2013-09-18 16:59:29 Warning: Warning (2): mysql_query() expects parameter 2 to be resource, boolean given in [/mnt/stor12-wc2-dfw1/602846/www.thep.ca/web/content/cake/libs/model/datasources/dbo/dbo_mysql.php, line 613]
2013-09-18 16:59:29 Warning: Warning (2): mysql_errno() expects parameter 1 to be resource, boolean given in [/mnt/stor12-wc2-dfw1/602846/www.thep.ca/web/content/cake/libs/model/datasources/dbo/dbo_mysql.php, line 695]
2013-09-18 16:59:31 Warning: Warning (2): mysql_connect() [<a href='function.mysql-connect'>function.mysql-connect</a>]: Lost connection to MySQL server at 'reading initial communication packet', system error: 110 in [/mnt/stor12-wc2-dfw1/602846/www.thep.ca/web/content/cake/libs/model/datasources/dbo/dbo_mysql.php, line 561]
2013-09-18 16:59:31 Warning: Warning (2): mysql_query() expects parameter 2 to be resource, boolean given in [/mnt/stor12-wc2-dfw1/602846/www.thep.ca/web/content/cake/libs/model/datasources/dbo/dbo_mysql.php, line 613]
2013-09-18 16:59:31 Warning: Warning (2): mysql_errno() expects parameter 1 to be resource, boolean given in [/mnt/stor12-wc2-dfw1/602846/www.thep.ca/web/content/cake/libs/model/datasources/dbo/dbo_mysql.php, line 695]
2013-09-18 16:59:31 Warning: Warning (2): mysql_query() expects parameter 2 to be resource, boolean given in [/mnt/stor12-wc2-dfw1/602846/www.thep.ca/web/content/cake/libs/model/datasources/dbo/dbo_mysql.php, line 613]
2013-09-18 16:59:31 Warning: Warning (2): mysql_errno() expects parameter 1 to be resource, boolean given in [/mnt/stor12-wc2-dfw1/602846/www.thep.ca/web/content/cake/libs/model/datasources/dbo/dbo_mysql.php, line 695]
2013-09-18 16:59:31 Warning: Warning (2): mysql_query() expects parameter 2 to be resource, boolean given in [/mnt/stor12-wc2-dfw1/602846/www.thep.ca/web/content/cake/libs/model/datasources/dbo/dbo_mysql.php, line 613]
2013-09-18 16:59:31 Warning: Warning (2): mysql_errno() expects parameter 1 to be resource, boolean given in [/mnt/stor12-wc2-dfw1/602846/www.thep.ca/web/content/cake/libs/model/datasources/dbo/dbo_mysql.php, line 695]
2013-09-18 16:59:35 Warning: Warning (2): mysql_connect() [<a href='function.mysql-connect'>function.mysql-connect</a>]: Lost connection to MySQL server at 'reading initial communication packet', system error: 110 in [/mnt/stor12-wc2-dfw1/602846/www.thep.ca/web/content/cake/libs/model/datasources/dbo/dbo_mysql.php, line 561]
2013-09-18 16:59:35 Warning: Warning (2): mysql_query() expects parameter 2 to be resource, boolean given in [/mnt/stor12-wc2-dfw1/602846/www.thep.ca/web/content/cake/libs/model/datasources/dbo/dbo_mysql.php, line 613]
2013-09-18 16:59:35 Warning: Warning (2): mysql_errno() expects parameter 1 to be resource, boolean given in [/mnt/stor12-wc2-dfw1/602846/www.thep.ca/web/content/cake/libs/model/datasources/dbo/dbo_mysql.php, line 695]
2013-09-18 16:59:35 Warning: Warning (2): mysql_query() expects parameter 2 to be resource, boolean given in [/mnt/stor12-wc2-dfw1/602846/www.thep.ca/web/content/cake/libs/model/datasources/dbo/dbo_mysql.php, line 613]
2013-09-18 16:59:35 Warning: Warning (2): mysql_errno() expects parameter 1 to be resource, boolean given in [/mnt/stor12-wc2-dfw1/602846/www.thep.ca/web/content/cake/libs/model/datasources/dbo/dbo_mysql.php, line 695]
2013-09-18 16:59:35 Warning: Warning (2): mysql_query() expects parameter 2 to be resource, boolean given in [/mnt/stor12-wc2-dfw1/602846/www.thep.ca/web/content/cake/libs/model/datasources/dbo/dbo_mysql.php, line 613]
2013-09-18 16:59:35 Warning: Warning (2): mysql_errno() expects parameter 1 to be resource, boolean given in [/mnt/stor12-wc2-dfw1/602846/www.thep.ca/web/content/cake/libs/model/datasources/dbo/dbo_mysql.php, line 695]
2013-09-18 16:59:36 Warning: Warning (2): mysql_connect() [<a href='function.mysql-connect'>function.mysql-connect</a>]: Lost connection to MySQL server at 'reading initial communication packet', system error: 110 in [/mnt/stor12-wc2-dfw1/602846/www.thep.ca/web/content/cake/libs/model/datasources/dbo/dbo_mysql.php, line 561]
2013-09-18 16:59:36 Warning: Warning (2): mysql_query() expects parameter 2 to be resource, boolean given in [/mnt/stor12-wc2-dfw1/602846/www.thep.ca/web/content/cake/libs/model/datasources/dbo/dbo_mysql.php, line 613]
2013-09-18 16:59:36 Warning: Warning (2): mysql_errno() expects parameter 1 to be resource, boolean given in [/mnt/stor12-wc2-dfw1/602846/www.thep.ca/web/content/cake/libs/model/datasources/dbo/dbo_mysql.php, line 695]
2013-09-18 16:59:36 Warning: Warning (2): mysql_query() expects parameter 2 to be resource, boolean given in [/mnt/stor12-wc2-dfw1/602846/www.thep.ca/web/content/cake/libs/model/datasources/dbo/dbo_mysql.php, line 613]
2013-09-18 16:59:36 Warning: Warning (2): mysql_errno() expects parameter 1 to be resource, boolean given in [/mnt/stor12-wc2-dfw1/602846/www.thep.ca/web/content/cake/libs/model/datasources/dbo/dbo_mysql.php, line 695]
2013-09-18 16:59:36 Warning: Warning (2): mysql_query() expects parameter 2 to be resource, boolean given in [/mnt/stor12-wc2-dfw1/602846/www.thep.ca/web/content/cake/libs/model/datasources/dbo/dbo_mysql.php, line 613]
2013-09-18 16:59:36 Warning: Warning (2): mysql_errno() expects parameter 1 to be resource, boolean given in [/mnt/stor12-wc2-dfw1/602846/www.thep.ca/web/content/cake/libs/model/datasources/dbo/dbo_mysql.php, line 695]
2014-04-02 15:49:28 Warning: Warning (2): mysql_connect() [<a href='function.mysql-connect'>function.mysql-connect</a>]: Too many connections in [/mnt/stor12-wc2-dfw1/602846/www.thep.ca/web/content/cake/libs/model/datasources/dbo/dbo_mysql.php, line 561]
2014-04-02 15:49:29 Warning: Warning (2): mysql_query() expects parameter 2 to be resource, boolean given in [/mnt/stor12-wc2-dfw1/602846/www.thep.ca/web/content/cake/libs/model/datasources/dbo/dbo_mysql.php, line 613]
2014-04-02 15:49:29 Warning: Warning (2): mysql_errno() expects parameter 1 to be resource, boolean given in [/mnt/stor12-wc2-dfw1/602846/www.thep.ca/web/content/cake/libs/model/datasources/dbo/dbo_mysql.php, line 695]
2014-04-02 15:49:29 Warning: Warning (2): mysql_query() expects parameter 2 to be resource, boolean given in [/mnt/stor12-wc2-dfw1/602846/www.thep.ca/web/content/cake/libs/model/datasources/dbo/dbo_mysql.php, line 613]
2014-04-02 15:49:29 Warning: Warning (2): mysql_errno() expects parameter 1 to be resource, boolean given in [/mnt/stor12-wc2-dfw1/602846/www.thep.ca/web/content/cake/libs/model/datasources/dbo/dbo_mysql.php, line 695]
2014-04-02 15:49:29 Warning: Warning (2): mysql_query() expects parameter 2 to be resource, boolean given in [/mnt/stor12-wc2-dfw1/602846/www.thep.ca/web/content/cake/libs/model/datasources/dbo/dbo_mysql.php, line 613]
2014-04-02 15:49:29 Warning: Warning (2): mysql_errno() expects parameter 1 to be resource, boolean given in [/mnt/stor12-wc2-dfw1/602846/www.thep.ca/web/content/cake/libs/model/datasources/dbo/dbo_mysql.php, line 695]
2014-04-02 15:49:29 Warning: Warning (2): mysql_real_escape_string() expects parameter 2 to be resource, boolean given in [/mnt/stor12-wc2-dfw1/602846/www.thep.ca/web/content/cake/libs/model/datasources/dbo/dbo_mysql.php, line 684]
2014-04-02 15:49:29 Warning: Warning (2): mysql_query() expects parameter 2 to be resource, boolean given in [/mnt/stor12-wc2-dfw1/602846/www.thep.ca/web/content/cake/libs/model/datasources/dbo/dbo_mysql.php, line 613]
2014-04-02 15:49:29 Warning: Warning (2): mysql_errno() expects parameter 1 to be resource, boolean given in [/mnt/stor12-wc2-dfw1/602846/www.thep.ca/web/content/cake/libs/model/datasources/dbo/dbo_mysql.php, line 695]
2014-04-02 15:50:22 Warning: Warning (2): mysql_connect() [<a href='function.mysql-connect'>function.mysql-connect</a>]: Lost connection to MySQL server at 'reading initial communication packet', system error: 110 in [/mnt/stor12-wc2-dfw1/602846/www.thep.ca/web/content/cake/libs/model/datasources/dbo/dbo_mysql.php, line 561]
2014-04-02 15:50:22 Warning: Warning (2): mysql_query() expects parameter 2 to be resource, boolean given in [/mnt/stor12-wc2-dfw1/602846/www.thep.ca/web/content/cake/libs/model/datasources/dbo/dbo_mysql.php, line 613]
2014-04-02 15:50:22 Warning: Warning (2): mysql_errno() expects parameter 1 to be resource, boolean given in [/mnt/stor12-wc2-dfw1/602846/www.thep.ca/web/content/cake/libs/model/datasources/dbo/dbo_mysql.php, line 695]
2014-04-02 15:50:22 Warning: Warning (2): mysql_query() expects parameter 2 to be resource, boolean given in [/mnt/stor12-wc2-dfw1/602846/www.thep.ca/web/content/cake/libs/model/datasources/dbo/dbo_mysql.php, line 613]
2014-04-02 15:50:22 Warning: Warning (2): mysql_errno() expects parameter 1 to be resource, boolean given in [/mnt/stor12-wc2-dfw1/602846/www.thep.ca/web/content/cake/libs/model/datasources/dbo/dbo_mysql.php, line 695]
2014-04-02 15:50:22 Warning: Warning (2): mysql_query() expects parameter 2 to be resource, boolean given in [/mnt/stor12-wc2-dfw1/602846/www.thep.ca/web/content/cake/libs/model/datasources/dbo/dbo_mysql.php, line 613]
2014-04-02 15:50:22 Warning: Warning (2): mysql_errno() expects parameter 1 to be resource, boolean given in [/mnt/stor12-wc2-dfw1/602846/www.thep.ca/web/content/cake/libs/model/datasources/dbo/dbo_mysql.php, line 695]
2014-04-02 15:50:22 Warning: Warning (2): mysql_real_escape_string() expects parameter 2 to be resource, boolean given in [/mnt/stor12-wc2-dfw1/602846/www.thep.ca/web/content/cake/libs/model/datasources/dbo/dbo_mysql.php, line 684]
2014-04-02 15:50:22 Warning: Warning (2): mysql_query() expects parameter 2 to be resource, boolean given in [/mnt/stor12-wc2-dfw1/602846/www.thep.ca/web/content/cake/libs/model/datasources/dbo/dbo_mysql.php, line 613]
2014-04-02 15:50:22 Warning: Warning (2): mysql_errno() expects parameter 1 to be resource, boolean given in [/mnt/stor12-wc2-dfw1/602846/www.thep.ca/web/content/cake/libs/model/datasources/dbo/dbo_mysql.php, line 695]
2014-04-18 02:37:06 Warning: Warning (2): htmlentities() [<a href='function.htmlentities'>function.htmlentities</a>]: Invalid multibyte sequence in argument in [/mnt/stor12-wc2-dfw1/602846/www.thep.ca/web/content/cake/libs/sanitize.php, line 120]
2015-02-27 01:23:24 Warning: Warning (2): htmlentities() [<a href='function.htmlentities'>function.htmlentities</a>]: Invalid multibyte sequence in argument in [/mnt/stor12-wc2-dfw1/602846/www.thep.ca/web/content/cake/libs/sanitize.php, line 120]
2015-03-30 15:50:24 Warning: Warning (2): htmlentities() [<a href='function.htmlentities'>function.htmlentities</a>]: Invalid multibyte sequence in argument in [/mnt/stor12-wc2-dfw1/602846/www.thep.ca/web/content/cake/libs/sanitize.php, line 120]
2015-05-16 20:42:37 Warning: Warning (2): mysql_connect(): php_network_getaddresses: getaddrinfo failed: nodename nor servname provided, or not known in [/Users/sunwise/Sites/thep/cake/libs/model/datasources/dbo/dbo_mysql.php, line 561]
2015-05-16 20:42:38 Warning: Warning (2): mysql_connect(): php_network_getaddresses: getaddrinfo failed: nodename nor servname provided, or not known in [/Users/sunwise/Sites/thep/cake/libs/model/datasources/dbo/dbo_mysql.php, line 561]
2015-05-16 20:42:38 Warning: Warning (2): mysql_query() expects parameter 2 to be resource, boolean given in [/Users/sunwise/Sites/thep/cake/libs/model/datasources/dbo/dbo_mysql.php, line 613]
2015-05-16 20:42:38 Warning: Warning (2): mysql_errno() expects parameter 1 to be resource, boolean given in [/Users/sunwise/Sites/thep/cake/libs/model/datasources/dbo/dbo_mysql.php, line 695]
2015-05-16 20:42:38 Warning: Warning (2): mysql_query() expects parameter 2 to be resource, boolean given in [/Users/sunwise/Sites/thep/cake/libs/model/datasources/dbo/dbo_mysql.php, line 613]
2015-05-16 20:42:38 Warning: Warning (2): mysql_errno() expects parameter 1 to be resource, boolean given in [/Users/sunwise/Sites/thep/cake/libs/model/datasources/dbo/dbo_mysql.php, line 695]
2015-05-16 20:42:38 Warning: Warning (2): mysql_query() expects parameter 2 to be resource, boolean given in [/Users/sunwise/Sites/thep/cake/libs/model/datasources/dbo/dbo_mysql.php, line 613]
2015-05-16 20:42:38 Warning: Warning (2): mysql_errno() expects parameter 1 to be resource, boolean given in [/Users/sunwise/Sites/thep/cake/libs/model/datasources/dbo/dbo_mysql.php, line 695]
